\BOOKMARK [1][]{section.1}{\376\377\000I\000n\000t\000r\000o\000d\000u\000c\000t\000i\000o\000n}{}% 1
\BOOKMARK [1][]{section.2}{\376\377\000M\000e\000t\000h\000o\000d\000s}{}% 2
\BOOKMARK [2][]{subsection.2.1}{\376\377\000L\000i\000t\000h\000i\000u\000m\000-\000i\000o\000n\000\040\000b\000a\000t\000t\000e\000r\000y}{section.2}% 3
\BOOKMARK [2][]{subsection.2.2}{\376\377\000V\000Q\000E\000\050\000V\000a\000r\000i\000a\000t\000i\000o\000n\000a\000l\000\040\000Q\000u\000a\000n\000t\000u\000m\000\040\000E\000i\000g\000e\000n\000s\000o\000l\000v\000e\000r\000\051}{section.2}% 4
\BOOKMARK [3][]{subsubsection.2.2.1}{\376\377\000H\000a\000m\000i\000l\000t\000o\000n\000i\000a\000n}{subsection.2.2}% 5
\BOOKMARK [3][]{subsubsection.2.2.2}{\376\377\000A\000n\000s\000a\000t\000z}{subsection.2.2}% 6
\BOOKMARK [4][]{section*.4}{\376\377\000T\000w\000o\000-\000l\000o\000c\000a\000l\000\050\000E\000f\000f\000i\000c\000i\000e\000n\000t\000\040\000S\000U\0002\000\051\000\040\000A\000n\000s\000a\000t\000z}{subsubsection.2.2.2}% 7
\BOOKMARK [4][]{section*.6}{\376\377\000U\000C\000C\000S\000D\000\050\000U\000n\000i\000t\000a\000r\000y\000\040\000C\000o\000u\000p\000l\000e\000d\000\040\000C\000l\000u\000s\000t\000e\000r\000\040\000S\000i\000n\000g\000l\000e\000s\000\040\000a\000n\000d\000\040\000D\000o\000u\000b\000l\000e\000s\000\051\000\040\000A\000n\000s\000a\000t\000z}{subsubsection.2.2.2}% 8
\BOOKMARK [2][]{subsection.2.3}{\376\377\000F\000M\000O\000\040\000\050\000F\000r\000a\000g\000m\000e\000n\000t\000a\000l\000\040\000M\000o\000l\000e\000c\000u\000l\000a\000r\000\040\000o\000r\000b\000i\000t\000a\000l\000\051}{section.2}% 9
\BOOKMARK [2][]{subsection.2.4}{\376\377\000F\000M\000O\000-\000V\000Q\000E\000\040\000\050\000F\000r\000a\000g\000m\000e\000n\000t\000\040\000m\000o\000l\000e\000c\000u\000l\000a\000r\000\040\000o\000r\000b\000i\000t\000a\000l\000-\000b\000a\000s\000e\000d\000\040\000V\000a\000r\000a\000t\000i\000o\000n\000a\000l\000\040\000Q\000u\000a\000n\000t\000u\000m\000\040\000E\000i\000g\000e\000n\000s\000o\000l\000v\000e\000r\000\051}{section.2}% 10
\BOOKMARK [1][]{section.3}{\376\377\000R\000e\000s\000u\000l\000t\000s}{}% 11
\BOOKMARK [1][]{section.4}{\376\377\000T\000h\000i\000s\000\040\000i\000s\000\040\000a\000n\000\040\000e\000x\000a\000m\000p\000l\000e\000\040\000f\000o\000r\000\040\000f\000i\000r\000s\000t\000\040\000l\000e\000v\000e\000l\000\040\000h\000e\000a\000d\040\024\000s\000e\000c\000t\000i\000o\000n\000\040\000h\000e\000a\000d}{}% 12
\BOOKMARK [2][]{subsection.4.1}{\376\377\000T\000h\000i\000s\000\040\000i\000s\000\040\000a\000n\000\040\000e\000x\000a\000m\000p\000l\000e\000\040\000f\000o\000r\000\040\000s\000e\000c\000o\000n\000d\000\040\000l\000e\000v\000e\000l\000\040\000h\000e\000a\000d\040\024\000s\000u\000b\000s\000e\000c\000t\000i\000o\000n\000\040\000h\000e\000a\000d}{section.4}% 13
\BOOKMARK [3][]{subsubsection.4.1.1}{\376\377\000T\000h\000i\000s\000\040\000i\000s\000\040\000a\000n\000\040\000e\000x\000a\000m\000p\000l\000e\000\040\000f\000o\000r\000\040\000t\000h\000i\000r\000d\000\040\000l\000e\000v\000e\000l\000\040\000h\000e\000a\000d\040\024\000s\000u\000b\000s\000u\000b\000s\000e\000c\000t\000i\000o\000n\000\040\000h\000e\000a\000d}{subsection.4.1}% 14
\BOOKMARK [1][]{section.5}{\376\377\000E\000q\000u\000a\000t\000i\000o\000n\000s}{}% 15
\BOOKMARK [1][]{section.6}{\376\377\000T\000a\000b\000l\000e\000s}{}% 16
\BOOKMARK [1][]{section.7}{\376\377\000F\000i\000g\000u\000r\000e\000s}{}% 17
\BOOKMARK [1][]{section.8}{\376\377\000A\000l\000g\000o\000r\000i\000t\000h\000m\000s\000,\000\040\000P\000r\000o\000g\000r\000a\000m\000\040\000c\000o\000d\000e\000s\000\040\000a\000n\000d\000\040\000L\000i\000s\000t\000i\000n\000g\000s}{}% 18
\BOOKMARK [1][]{section.9}{\376\377\000C\000r\000o\000s\000s\000\040\000r\000e\000f\000e\000r\000e\000n\000c\000i\000n\000g}{}% 19
\BOOKMARK [2][]{subsection.9.1}{\376\377\000D\000e\000t\000a\000i\000l\000s\000\040\000o\000n\000\040\000r\000e\000f\000e\000r\000e\000n\000c\000e\000\040\000c\000i\000t\000a\000t\000i\000o\000n\000s}{section.9}% 20
\BOOKMARK [1][]{section.10}{\376\377\000E\000x\000a\000m\000p\000l\000e\000s\000\040\000f\000o\000r\000\040\000t\000h\000e\000o\000r\000e\000m\000\040\000l\000i\000k\000e\000\040\000e\000n\000v\000i\000r\000o\000n\000m\000e\000n\000t\000s}{}% 21
\BOOKMARK [1][]{section.11}{\376\377\000M\000e\000t\000h\000o\000d\000s}{}% 22
\BOOKMARK [1][]{section.12}{\376\377\000D\000i\000s\000c\000u\000s\000s\000i\000o\000n}{}% 23
\BOOKMARK [1][]{section.13}{\376\377\000C\000o\000n\000c\000l\000u\000s\000i\000o\000n}{}% 24
\BOOKMARK [2][]{section*.24}{\376\377\000S\000u\000p\000p\000l\000e\000m\000e\000n\000t\000a\000r\000y\000\040\000i\000n\000f\000o\000r\000m\000a\000t\000i\000o\000n}{section.13}% 25
\BOOKMARK [3][]{section*.25}{\376\377\000A\000c\000k\000n\000o\000w\000l\000e\000d\000g\000e\000m\000e\000n\000t\000s}{section*.24}% 26
\BOOKMARK [1][]{appendix.1.A}{\376\377\000S\000e\000c\000t\000i\000o\000n\000\040\000t\000i\000t\000l\000e\000\040\000o\000f\000\040\000f\000i\000r\000s\000t\000\040\000a\000p\000p\000e\000n\000d\000i\000x}{}% 27
